<?xml version="1.0" encoding="UTF-8"?>
<testng-results ignored="0" total="2" passed="2" failed="0" skipped="0">
  <reporter-output>
  </reporter-output>
  <suite started-at="2023-05-02T00:06:11 IST" name="Suite" finished-at="2023-05-02T00:06:28 IST" duration-ms="17348">
    <groups>
    </groups>
    <test started-at="2023-05-02T00:06:11 IST" name="Test" finished-at="2023-05-02T00:06:28 IST" duration-ms="17348">
      <class name="TESTCASES.VerifySignUp">
        <test-method is-config="true" signature="launchbrowser()[pri:0, instance:TESTCASES.VerifySignUp@74e52303]" started-at="2023-05-02T00:06:19 IST" name="launchbrowser" finished-at="2023-05-02T00:06:25 IST" duration-ms="5670" status="PASS">
          <reporter-output>
          </reporter-output>
        </test-method> <!-- launchbrowser -->
        <test-method signature="signup()[pri:0, instance:TESTCASES.VerifySignUp@74e52303]" started-at="2023-05-02T00:06:25 IST" name="signup" finished-at="2023-05-02T00:06:28 IST" duration-ms="3612" status="PASS">
          <reporter-output>
          </reporter-output>
        </test-method> <!-- signup -->
      </class> <!-- TESTCASES.VerifySignUp -->
      <class name="TESTCASES.VerifyLogin">
        <test-method is-config="true" signature="launchbrowser()[pri:0, instance:TESTCASES.VerifyLogin@619713e5]" started-at="2023-05-02T00:06:11 IST" name="launchbrowser" finished-at="2023-05-02T00:06:18 IST" duration-ms="7172" status="PASS">
          <reporter-output>
          </reporter-output>
        </test-method> <!-- launchbrowser -->
        <test-method signature="login()[pri:0, instance:TESTCASES.VerifyLogin@619713e5]" started-at="2023-05-02T00:06:18 IST" name="login" finished-at="2023-05-02T00:06:19 IST" duration-ms="848" status="PASS">
          <reporter-output>
          </reporter-output>
        </test-method> <!-- login -->
      </class> <!-- TESTCASES.VerifyLogin -->
    </test> <!-- Test -->
  </suite> <!-- Suite -->
</testng-results>
